C:\USERS\MATHIEU\DOCUMENTS\GITHUB\DEUTERIUM\GAMEENGINE\EXAMPLE\ROTATINGCUBE\DEBUG\CLIENT_GAME_CORE.OBJ
C:\USERS\MATHIEU\DOCUMENTS\GITHUB\DEUTERIUM\GAMEENGINE\EXAMPLE\ROTATINGCUBE\DEBUG\MAIN.OBJ
C:\USERS\MATHIEU\DOCUMENTS\GITHUB\DEUTERIUM\GAMEENGINE\EXAMPLE\ROTATINGCUBE\DEBUG\VC110.PDB
C:\USERS\MATHIEU\DOCUMENTS\GITHUB\DEUTERIUM\GAMEENGINE\EXAMPLE\ROTATINGCUBE\DEBUG\ROTATINGCUBE.ILK
C:\USERS\MATHIEU\DOCUMENTS\GITHUB\DEUTERIUM\GAMEENGINE\EXAMPLE\ROTATINGCUBE\DEBUG\ROTATINGCUBE.EXE
C:\USERS\MATHIEU\DOCUMENTS\GITHUB\DEUTERIUM\GAMEENGINE\EXAMPLE\ROTATINGCUBE\DEBUG\ROTATINGCUBE.PDB
C:\Users\Mathieu\Documents\GitHub\Deuterium\GameEngine\Example\RotatingCube\Debug\client_game_core.obj
C:\Users\Mathieu\Documents\GitHub\Deuterium\GameEngine\Example\RotatingCube\Debug\main.obj
C:\Users\Mathieu\Documents\GitHub\Deuterium\GameEngine\Example\RotatingCube\Debug\RotatingCube.ilk
C:\Users\Mathieu\Documents\GitHub\Deuterium\GameEngine\Example\RotatingCube\Debug\cl.command.1.tlog
C:\Users\Mathieu\Documents\GitHub\Deuterium\GameEngine\Example\RotatingCube\Debug\CL.read.1.tlog
C:\Users\Mathieu\Documents\GitHub\Deuterium\GameEngine\Example\RotatingCube\Debug\CL.write.1.tlog
C:\Users\Mathieu\Documents\GitHub\Deuterium\GameEngine\Example\RotatingCube\Debug\link-cvtres.read.1.tlog
C:\Users\Mathieu\Documents\GitHub\Deuterium\GameEngine\Example\RotatingCube\Debug\link-cvtres.write.1.tlog
C:\Users\Mathieu\Documents\GitHub\Deuterium\GameEngine\Example\RotatingCube\Debug\link-rc.read.1.tlog
C:\Users\Mathieu\Documents\GitHub\Deuterium\GameEngine\Example\RotatingCube\Debug\link-rc.write.1.tlog
C:\Users\Mathieu\Documents\GitHub\Deuterium\GameEngine\Example\RotatingCube\Debug\link.6324-cvtres.read.1.tlog
C:\Users\Mathieu\Documents\GitHub\Deuterium\GameEngine\Example\RotatingCube\Debug\link.6324-cvtres.write.1.tlog
C:\Users\Mathieu\Documents\GitHub\Deuterium\GameEngine\Example\RotatingCube\Debug\link.6324-rc.read.1.tlog
C:\Users\Mathieu\Documents\GitHub\Deuterium\GameEngine\Example\RotatingCube\Debug\link.6324-rc.write.1.tlog
C:\Users\Mathieu\Documents\GitHub\Deuterium\GameEngine\Example\RotatingCube\Debug\link.6324.read.1.tlog
C:\Users\Mathieu\Documents\GitHub\Deuterium\GameEngine\Example\RotatingCube\Debug\link.6324.write.1.tlog
C:\Users\Mathieu\Documents\GitHub\Deuterium\GameEngine\Example\RotatingCube\Debug\link.6384-cvtres.read.1.tlog
C:\Users\Mathieu\Documents\GitHub\Deuterium\GameEngine\Example\RotatingCube\Debug\link.6384-cvtres.write.1.tlog
C:\Users\Mathieu\Documents\GitHub\Deuterium\GameEngine\Example\RotatingCube\Debug\link.6384-rc.read.1.tlog
C:\Users\Mathieu\Documents\GitHub\Deuterium\GameEngine\Example\RotatingCube\Debug\link.6384-rc.write.1.tlog
C:\Users\Mathieu\Documents\GitHub\Deuterium\GameEngine\Example\RotatingCube\Debug\link.6384.read.1.tlog
C:\Users\Mathieu\Documents\GitHub\Deuterium\GameEngine\Example\RotatingCube\Debug\link.6384.write.1.tlog
C:\Users\Mathieu\Documents\GitHub\Deuterium\GameEngine\Example\RotatingCube\Debug\link.command.1.tlog
C:\Users\Mathieu\Documents\GitHub\Deuterium\GameEngine\Example\RotatingCube\Debug\link.read.1.tlog
C:\Users\Mathieu\Documents\GitHub\Deuterium\GameEngine\Example\RotatingCube\Debug\link.write.1.tlog
C:\Users\Mathieu\Documents\GitHub\Deuterium\GameEngine\Example\RotatingCube\Debug\vc110.idb
C:\Users\Mathieu\Documents\GitHub\Deuterium\GameEngine\Example\RotatingCube\Debug\RotatingCube.pdb
C:\Users\Mathieu\Documents\GitHub\Deuterium\GameEngine\Example\RotatingCube\Debug\vc110.pdb
C:\Users\Mathieu\Documents\GitHub\Deuterium\GameEngine\Example\RotatingCube\Debug\RotatingCube.exe
