Build started 2014-08-01 1:39:14 PM.
     1>Project "C:\Users\Mathieu\Documents\GitHub\Deuterium\GameEngine\DeuteriumShadingMarkup\DeuteriumShadingMarkup.vcxproj" on node 2 (Build target(s)).
     1>ClCompile:
         C:\Program Files (x86)\Microsoft Visual Studio 11.0\VC\bin\CL.exe /c /ZI /nologo /W3 /WX- /sdl /Od /Oy- /D WIN32 /D _DEBUG /D DEUTERIUM_PC /D _CONSOLE /D _UNICODE /D UNICODE /Gm /EHsc /RTC1 /MDd /GS /fp:precise /Zc:wchar_t /Zc:forScope /Fo"Debug\\" /Fd"Debug\vc110.pdb" /Gd /TP /analyze- /errorReport:prompt include_node.cpp loader.cpp name_node.cpp node.cpp parser.cpp render_pipe.cpp shader_node.cpp source_node.cpp test_main.cpp type_node.cpp uniform_buffer_node.cpp
         test_main.cpp
     1>c:\users\mathieu\documents\github\deuterium\gameengine\deuteriumshadingmarkup\test_main.cpp(17): warning C4018: '<' : signed/unsigned mismatch
     1>c:\users\mathieu\documents\github\deuterium\gameengine\deuteriumshadingmarkup\test_main.cpp(96): warning C4018: '<' : signed/unsigned mismatch
     1>c:\users\mathieu\documents\github\deuterium\gameengine\deuteriumshadingmarkup\test_main.cpp(115): warning C4018: '<' : signed/unsigned mismatch
         Generating Code...
         Compiling...
         include_node.cpp
     1>c:\users\mathieu\documents\github\deuterium\gameengine\deuteriumshadingmarkup\include_node.cpp(19): warning C4018: '<' : signed/unsigned mismatch
         Generating Code...
         Compiling...
         uniform_buffer_node.cpp
     1>c:\users\mathieu\documents\github\deuterium\gameengine\deuteriumshadingmarkup\uniform_buffer_node.cpp(18): warning C4018: '<' : signed/unsigned mismatch
     1>c:\users\mathieu\documents\github\deuterium\gameengine\deuteriumshadingmarkup\uniform_buffer_node.cpp(24): warning C4018: '<' : signed/unsigned mismatch
         type_node.cpp
     1>c:\users\mathieu\documents\github\deuterium\gameengine\deuteriumshadingmarkup\type_node.cpp(24): warning C4018: '<' : signed/unsigned mismatch
         source_node.cpp
     1>c:\users\mathieu\documents\github\deuterium\gameengine\deuteriumshadingmarkup\source_node.cpp(24): warning C4018: '<' : signed/unsigned mismatch
         shader_node.cpp
     1>c:\users\mathieu\documents\github\deuterium\gameengine\deuteriumshadingmarkup\shader_node.cpp(68): warning C4018: '<' : signed/unsigned mismatch
     1>c:\users\mathieu\documents\github\deuterium\gameengine\deuteriumshadingmarkup\shader_node.cpp(71): warning C4390: ';' : empty controlled statement found; is this the intent?
     1>c:\users\mathieu\documents\github\deuterium\gameengine\deuteriumshadingmarkup\shader_node.cpp(80): warning C4018: '<' : signed/unsigned mismatch
         parser.cpp
     1>c:\users\mathieu\documents\github\deuterium\gameengine\deuteriumshadingmarkup\parser.cpp(31): warning C4018: '<' : signed/unsigned mismatch
     1>c:\users\mathieu\documents\github\deuterium\gameengine\deuteriumshadingmarkup\parser.cpp(49): warning C4018: '<' : signed/unsigned mismatch
     1>c:\users\mathieu\documents\github\deuterium\gameengine\deuteriumshadingmarkup\parser.cpp(55): warning C4018: '<' : signed/unsigned mismatch
     1>c:\users\mathieu\documents\github\deuterium\gameengine\deuteriumshadingmarkup\parser.cpp(97): warning C4018: '<' : signed/unsigned mismatch
     1>c:\users\mathieu\documents\github\deuterium\gameengine\deuteriumshadingmarkup\parser.cpp(106): warning C4018: '<' : signed/unsigned mismatch
     1>c:\users\mathieu\documents\github\deuterium\gameengine\deuteriumshadingmarkup\parser.cpp(130): warning C4018: '<' : signed/unsigned mismatch
     1>c:\users\mathieu\documents\github\deuterium\gameengine\deuteriumshadingmarkup\parser.cpp(150): warning C4018: '<' : signed/unsigned mismatch
     1>c:\users\mathieu\documents\github\deuterium\gameengine\deuteriumshadingmarkup\parser.cpp(171): warning C4018: '<' : signed/unsigned mismatch
     1>c:\users\mathieu\documents\github\deuterium\gameengine\deuteriumshadingmarkup\parser.cpp(274): warning C4018: '<' : signed/unsigned mismatch
     1>c:\users\mathieu\documents\github\deuterium\gameengine\deuteriumshadingmarkup\parser.cpp(344): warning C4003: not enough actual parameters for macro 'TAG_DOES_NOT_EXIST'
         name_node.cpp
     1>c:\users\mathieu\documents\github\deuterium\gameengine\deuteriumshadingmarkup\name_node.cpp(15): warning C4018: '<' : signed/unsigned mismatch
         loader.cpp
     1>c:\users\mathieu\documents\github\deuterium\gameengine\deuteriumshadingmarkup\loader.cpp(68): warning C4018: '<' : signed/unsigned mismatch
     1>c:\users\mathieu\documents\github\deuterium\gameengine\deuteriumshadingmarkup\loader.cpp(116): warning C4018: '<' : signed/unsigned mismatch
         Generating Code...
     1>c:\users\mathieu\documents\github\deuterium\gameengine\deuteriumshadingmarkup\shader_node.cpp(116): warning C4715: 'dsm::ShaderNode::load_content' : not all control paths return a value
     1>c:\users\mathieu\documents\github\deuterium\gameengine\deuteriumshadingmarkup\source_node.cpp(76): warning C4715: 'dsm::SourceNode::load_content' : not all control paths return a value
         Skipping... (no relevant changes detected)
         render_pipe.cpp
         node.cpp
       Link:
         C:\Program Files (x86)\Microsoft Visual Studio 11.0\VC\bin\link.exe /ERRORREPORT:PROMPT /OUT:"C:\Users\Mathieu\Documents\GitHub\Deuterium\GameEngine\DeuteriumShadingMarkup\Debug\DeuteriumShadingMarkup.exe" /INCREMENTAL /NOLOGO /LIBPATH:C:\Users\Mathieu\Documents\GitHub\Deuterium\GameEngine\Deuterium\3rdParty kernel32.lib user32.lib gdi32.lib winspool.lib comdlg32.lib advapi32.lib shell32.lib ole32.lib oleaut32.lib uuid.lib odbc32.lib odbccp32.lib /MANIFEST /MANIFESTUAC:"level='asInvoker' uiAccess='false'" /manifest:embed /DEBUG /PDB:"C:\Users\Mathieu\Documents\GitHub\Deuterium\GameEngine\DeuteriumShadingMarkup\Debug\DeuteriumShadingMarkup.pdb" /SUBSYSTEM:CONSOLE /TLBID:1 /DYNAMICBASE /NXCOMPAT /IMPLIB:"C:\Users\Mathieu\Documents\GitHub\Deuterium\GameEngine\DeuteriumShadingMarkup\Debug\DeuteriumShadingMarkup.lib" /MACHINE:X86 Debug\dsm_error_stack.obj
         Debug\include_node.obj
         Debug\loader.obj
         Debug\name_node.obj
         Debug\node.obj
         Debug\parser.obj
         Debug\render_pipe.obj
         Debug\shader_node.obj
         Debug\source_node.obj
         Debug\test_main.obj
         Debug\type_node.obj
         Debug\uniform_buffer_node.obj
         Debug\uniform_type.obj
         DeuteriumShadingMarkup.vcxproj -> C:\Users\Mathieu\Documents\GitHub\Deuterium\GameEngine\DeuteriumShadingMarkup\Debug\DeuteriumShadingMarkup.exe
     1>Done Building Project "C:\Users\Mathieu\Documents\GitHub\Deuterium\GameEngine\DeuteriumShadingMarkup\DeuteriumShadingMarkup.vcxproj" (Build target(s)).

Build succeeded.

Time Elapsed 00:00:07.37
