C:\USERS\MATHIEU\DOCUMENTS\GITHUB\DEUTERIUM\GAMEENGINE\DEUTERIUM\DEBUG_LIB\VC110.PDB
C:\USERS\NIOFIRE\DOCUMENTS\GITHUB\DEUTERIUM\GAMEENGINE\DEUTERIUM\DEBUG_LIB\MESH_MANAGER.OBJ
C:\USERS\NIOFIRE\DOCUMENTS\GITHUB\DEUTERIUM\GAMEENGINE\DEUTERIUM\DEBUG_LIB\MODEL_SPACE_TRANSFORM.OBJ
C:\USERS\NIOFIRE\DOCUMENTS\GITHUB\DEUTERIUM\GAMEENGINE\DEUTERIUM\DEBUG_LIB\NODE.OBJ
C:\USERS\NIOFIRE\DOCUMENTS\GITHUB\DEUTERIUM\GAMEENGINE\DEUTERIUM\DEBUG_LIB\PRIMITIVE_TYPE_HELPER.OBJ
C:\USERS\NIOFIRE\DOCUMENTS\GITHUB\DEUTERIUM\GAMEENGINE\DEUTERIUM\DEBUG_LIB\PROFILER.OBJ
C:\USERS\NIOFIRE\DOCUMENTS\GITHUB\DEUTERIUM\GAMEENGINE\DEUTERIUM\DEBUG_LIB\RENDERER.OBJ
C:\USERS\NIOFIRE\DOCUMENTS\GITHUB\DEUTERIUM\GAMEENGINE\DEUTERIUM\DEBUG_LIB\RENDERER_INIT.OBJ
C:\USERS\NIOFIRE\DOCUMENTS\GITHUB\DEUTERIUM\GAMEENGINE\DEUTERIUM\DEBUG_LIB\RENDERER_RENDER.OBJ
C:\USERS\NIOFIRE\DOCUMENTS\GITHUB\DEUTERIUM\GAMEENGINE\DEUTERIUM\DEBUG_LIB\RENDERER_UPDATE.OBJ
C:\USERS\NIOFIRE\DOCUMENTS\GITHUB\DEUTERIUM\GAMEENGINE\DEUTERIUM\DEBUG_LIB\RENDER_TARGET.OBJ
C:\USERS\NIOFIRE\DOCUMENTS\GITHUB\DEUTERIUM\GAMEENGINE\DEUTERIUM\DEBUG_LIB\SHADER.OBJ
C:\USERS\NIOFIRE\DOCUMENTS\GITHUB\DEUTERIUM\GAMEENGINE\DEUTERIUM\DEBUG_LIB\SHADER_COMPONENT.OBJ
C:\USERS\NIOFIRE\DOCUMENTS\GITHUB\DEUTERIUM\GAMEENGINE\DEUTERIUM\DEBUG_LIB\SHADER_EFFECT.OBJ
C:\USERS\NIOFIRE\DOCUMENTS\GITHUB\DEUTERIUM\GAMEENGINE\DEUTERIUM\DEBUG_LIB\SHADER_MANAGER.OBJ
C:\USERS\NIOFIRE\DOCUMENTS\GITHUB\DEUTERIUM\GAMEENGINE\DEUTERIUM\DEBUG_LIB\SHADER_PARAMETER.OBJ
C:\USERS\NIOFIRE\DOCUMENTS\GITHUB\DEUTERIUM\GAMEENGINE\DEUTERIUM\DEBUG_LIB\SHADER_PARAMETER_DA.OBJ
C:\USERS\NIOFIRE\DOCUMENTS\GITHUB\DEUTERIUM\GAMEENGINE\DEUTERIUM\DEBUG_LIB\STRING_HELPER.OBJ
C:\USERS\NIOFIRE\DOCUMENTS\GITHUB\DEUTERIUM\GAMEENGINE\DEUTERIUM\DEBUG_LIB\TEXTURE.OBJ
C:\USERS\NIOFIRE\DOCUMENTS\GITHUB\DEUTERIUM\GAMEENGINE\DEUTERIUM\DEBUG_LIB\VERTEX_BUFFER_CONTAINER.OBJ
C:\USERS\NIOFIRE\DOCUMENTS\GITHUB\DEUTERIUM\GAMEENGINE\DEUTERIUM\DEBUG_LIB\VIEWPORT.OBJ
C:\USERS\NIOFIRE\DOCUMENTS\GITHUB\DEUTERIUM\GAMEENGINE\DEUTERIUM\DEBUG_LIB\LODEPNG.OBJ
C:\USERS\NIOFIRE\DOCUMENTS\GITHUB\DEUTERIUM\GAMEENGINE\DEUTERIUM\DEBUG_LIB\CAMERA.OBJ
C:\USERS\NIOFIRE\DOCUMENTS\GITHUB\DEUTERIUM\GAMEENGINE\DEUTERIUM\DEBUG_LIB\CONSOLE.OBJ
C:\USERS\NIOFIRE\DOCUMENTS\GITHUB\DEUTERIUM\GAMEENGINE\DEUTERIUM\DEBUG_LIB\DRAW_REQUEST.OBJ
C:\USERS\NIOFIRE\DOCUMENTS\GITHUB\DEUTERIUM\GAMEENGINE\DEUTERIUM\DEBUG_LIB\EVENT_LISTENER.OBJ
C:\USERS\NIOFIRE\DOCUMENTS\GITHUB\DEUTERIUM\GAMEENGINE\DEUTERIUM\DEBUG_LIB\EVENT_MANAGER.OBJ
C:\USERS\NIOFIRE\DOCUMENTS\GITHUB\DEUTERIUM\GAMEENGINE\DEUTERIUM\DEBUG_LIB\FILE_STREAM.OBJ
C:\USERS\NIOFIRE\DOCUMENTS\GITHUB\DEUTERIUM\GAMEENGINE\DEUTERIUM\DEBUG_LIB\GAME_CORE.OBJ
C:\USERS\NIOFIRE\DOCUMENTS\GITHUB\DEUTERIUM\GAMEENGINE\DEUTERIUM\DEBUG_LIB\GAME_CORE_EVENT.OBJ
C:\USERS\NIOFIRE\DOCUMENTS\GITHUB\DEUTERIUM\GAMEENGINE\DEUTERIUM\DEBUG_LIB\GAME_CORE_INIT.OBJ
C:\USERS\NIOFIRE\DOCUMENTS\GITHUB\DEUTERIUM\GAMEENGINE\DEUTERIUM\DEBUG_LIB\GAME_CORE_RENDER.OBJ
C:\USERS\NIOFIRE\DOCUMENTS\GITHUB\DEUTERIUM\GAMEENGINE\DEUTERIUM\DEBUG_LIB\GAME_CORE_UPDATE.OBJ
C:\USERS\NIOFIRE\DOCUMENTS\GITHUB\DEUTERIUM\GAMEENGINE\DEUTERIUM\DEBUG_LIB\INDEX_BUFFER_CONTAINER.OBJ
C:\USERS\NIOFIRE\DOCUMENTS\GITHUB\DEUTERIUM\GAMEENGINE\DEUTERIUM\DEBUG_LIB\DEUTERIUM_MATH.OBJ
C:\USERS\NIOFIRE\DOCUMENTS\GITHUB\DEUTERIUM\GAMEENGINE\DEUTERIUM\DEBUG_LIB\MEMORY_MANAGER.OBJ
C:\USERS\NIOFIRE\DOCUMENTS\GITHUB\DEUTERIUM\GAMEENGINE\DEUTERIUM\DEBUG_LIB\MESH.OBJ
C:\USERS\NIOFIRE\DOCUMENTS\GITHUB\DEUTERIUM\GAMEENGINE\DEUTERIUM\DEBUG_LIB\VC110.PDB
C:\USERS\MATHIEU\DOCUMENTS\GITHUB\DEUTERIUM\GAMEENGINE\DEUTERIUM\DEBUG_LIB\PRIMITIVE_TYPE_HELPER.OBJ
C:\USERS\MATHIEU\DOCUMENTS\GITHUB\DEUTERIUM\GAMEENGINE\DEUTERIUM\DEBUG_LIB\PROFILER.OBJ
C:\USERS\MATHIEU\DOCUMENTS\GITHUB\DEUTERIUM\GAMEENGINE\DEUTERIUM\DEBUG_LIB\RENDERER_SETTINGS.OBJ
C:\USERS\MATHIEU\DOCUMENTS\GITHUB\DEUTERIUM\GAMEENGINE\DEUTERIUM\DEBUG_LIB\RENDER_TARGET.OBJ
C:\USERS\MATHIEU\DOCUMENTS\GITHUB\DEUTERIUM\GAMEENGINE\DEUTERIUM\DEBUG_LIB\SHADER_COMPONENT_CACHE.OBJ
C:\USERS\MATHIEU\DOCUMENTS\GITHUB\DEUTERIUM\GAMEENGINE\DEUTERIUM\DEBUG_LIB\SHADER_PARAMETER.OBJ
C:\USERS\MATHIEU\DOCUMENTS\GITHUB\DEUTERIUM\GAMEENGINE\DEUTERIUM\DEBUG_LIB\STRING_HELPER.OBJ
C:\USERS\MATHIEU\DOCUMENTS\GITHUB\DEUTERIUM\GAMEENGINE\DEUTERIUM\DEBUG_LIB\TEXTURE.OBJ
C:\USERS\MATHIEU\DOCUMENTS\GITHUB\DEUTERIUM\GAMEENGINE\DEUTERIUM\DEBUG_LIB\VERTEX_BUFFER_CONTAINER.OBJ
C:\USERS\MATHIEU\DOCUMENTS\GITHUB\DEUTERIUM\GAMEENGINE\DEUTERIUM\DEBUG_LIB\VIEWPORT.OBJ
C:\USERS\MATHIEU\DOCUMENTS\GITHUB\DEUTERIUM\GAMEENGINE\DEUTERIUM\DEBUG_LIB\LODEPNG.OBJ
C:\USERS\MATHIEU\DOCUMENTS\GITHUB\DEUTERIUM\GAMEENGINE\DEUTERIUM\DEBUG_LIB\CAMERA.OBJ
C:\USERS\MATHIEU\DOCUMENTS\GITHUB\DEUTERIUM\GAMEENGINE\DEUTERIUM\DEBUG_LIB\DEUTERIUM_MARKUP.OBJ
C:\USERS\MATHIEU\DOCUMENTS\GITHUB\DEUTERIUM\GAMEENGINE\DEUTERIUM\DEBUG_LIB\DEUTERIUM_MARKUP_READER.OBJ
C:\USERS\MATHIEU\DOCUMENTS\GITHUB\DEUTERIUM\GAMEENGINE\DEUTERIUM\DEBUG_LIB\DEUTERIUM_ERROR_MANAGER.OBJ
C:\USERS\MATHIEU\DOCUMENTS\GITHUB\DEUTERIUM\GAMEENGINE\DEUTERIUM\DEBUG_LIB\INDEX_BUFFER_CONTAINER.OBJ
C:\USERS\MATHIEU\DOCUMENTS\GITHUB\DEUTERIUM\GAMEENGINE\DEUTERIUM\DEBUG_LIB\DEUTERIUM_MATH.OBJ
C:\USERS\MATHIEU\DOCUMENTS\GITHUB\DEUTERIUM\GAMEENGINE\DEUTERIUM\DEBUG_LIB\MEMORY_MANAGER.OBJ
C:\USERS\MATHIEU\DOCUMENTS\GITHUB\DEUTERIUM\GAMEENGINE\DEUTERIUM\DEBUG_LIB\MESH.OBJ
C:\USERS\MATHIEU\DOCUMENTS\GITHUB\DEUTERIUM\GAMEENGINE\DEUTERIUM\DEBUG_LIB\MODEL_SPACE_TRANSFORM.OBJ
C:\USERS\MATHIEU\DOCUMENTS\GITHUB\DEUTERIUM\GAMEENGINE\DEUTERIUM\DEBUG_LIB\NODE.OBJ
C:\USERS\MATHIEU\DOCUMENTS\GITHUB\DEUTERIUM\GAMEENGINE\DEUTERIUM\DEBUG_LIB\DEUTERIUM.LIB
C:\USERS\NIOFIRE\DOCUMENTS\GITHUB\DEUTERIUM\GAMEENGINE\DEUTERIUM\DEBUG_LIB\DEUTERIUM.LIB
C:\Users\Mathieu\Documents\GitHub\Deuterium\GameEngine\Deuterium\Debug_LIB\camera.obj
C:\Users\Mathieu\Documents\GitHub\Deuterium\GameEngine\Deuterium\Debug_LIB\console.obj
C:\Users\Mathieu\Documents\GitHub\Deuterium\GameEngine\Deuterium\Debug_LIB\deuterium_error_manager.obj
C:\Users\Mathieu\Documents\GitHub\Deuterium\GameEngine\Deuterium\Debug_LIB\deuterium_markup.obj
C:\Users\Mathieu\Documents\GitHub\Deuterium\GameEngine\Deuterium\Debug_LIB\deuterium_markup_reader.obj
C:\Users\Mathieu\Documents\GitHub\Deuterium\GameEngine\Deuterium\Debug_LIB\deuterium_math.obj
C:\Users\Mathieu\Documents\GitHub\Deuterium\GameEngine\Deuterium\Debug_LIB\draw_request.obj
C:\Users\Mathieu\Documents\GitHub\Deuterium\GameEngine\Deuterium\Debug_LIB\file_stream.obj
C:\Users\Mathieu\Documents\GitHub\Deuterium\GameEngine\Deuterium\Debug_LIB\index_buffer_container.obj
C:\Users\Mathieu\Documents\GitHub\Deuterium\GameEngine\Deuterium\Debug_LIB\LodePNG.obj
C:\Users\Mathieu\Documents\GitHub\Deuterium\GameEngine\Deuterium\Debug_LIB\memory_manager.obj
C:\Users\Mathieu\Documents\GitHub\Deuterium\GameEngine\Deuterium\Debug_LIB\mesh.obj
C:\Users\Mathieu\Documents\GitHub\Deuterium\GameEngine\Deuterium\Debug_LIB\model_space_transform.obj
C:\Users\Mathieu\Documents\GitHub\Deuterium\GameEngine\Deuterium\Debug_LIB\node.obj
C:\Users\Mathieu\Documents\GitHub\Deuterium\GameEngine\Deuterium\Debug_LIB\primitive_type_helper.obj
C:\Users\Mathieu\Documents\GitHub\Deuterium\GameEngine\Deuterium\Debug_LIB\profiler.obj
C:\Users\Mathieu\Documents\GitHub\Deuterium\GameEngine\Deuterium\Debug_LIB\renderer_settings.obj
C:\Users\Mathieu\Documents\GitHub\Deuterium\GameEngine\Deuterium\Debug_LIB\render_target.obj
C:\Users\Mathieu\Documents\GitHub\Deuterium\GameEngine\Deuterium\Debug_LIB\shader_component_cache.obj
C:\Users\Mathieu\Documents\GitHub\Deuterium\GameEngine\Deuterium\Debug_LIB\shader_effect.obj
C:\Users\Mathieu\Documents\GitHub\Deuterium\GameEngine\Deuterium\Debug_LIB\shader_parameter.obj
C:\Users\Mathieu\Documents\GitHub\Deuterium\GameEngine\Deuterium\Debug_LIB\string_helper.obj
C:\Users\Mathieu\Documents\GitHub\Deuterium\GameEngine\Deuterium\Debug_LIB\texture.obj
C:\Users\Mathieu\Documents\GitHub\Deuterium\GameEngine\Deuterium\Debug_LIB\vertex_buffer_container.obj
C:\Users\Mathieu\Documents\GitHub\Deuterium\GameEngine\Deuterium\Debug_LIB\viewport.obj
C:\Users\Mathieu\Documents\GitHub\Deuterium\GameEngine\Deuterium\Debug_LIB\cl.command.1.tlog
C:\Users\Mathieu\Documents\GitHub\Deuterium\GameEngine\Deuterium\Debug_LIB\CL.read.1.tlog
C:\Users\Mathieu\Documents\GitHub\Deuterium\GameEngine\Deuterium\Debug_LIB\CL.write.1.tlog
C:\Users\Mathieu\Documents\GitHub\Deuterium\GameEngine\Deuterium\Debug_LIB\Lib-link.read.1.tlog
C:\Users\Mathieu\Documents\GitHub\Deuterium\GameEngine\Deuterium\Debug_LIB\Lib-link.write.1.tlog
C:\Users\Mathieu\Documents\GitHub\Deuterium\GameEngine\Deuterium\Debug_LIB\lib.command.1.tlog
C:\Users\Mathieu\Documents\GitHub\Deuterium\GameEngine\Deuterium\Debug_LIB\vc110.idb
C:\Users\Mathieu\Documents\GitHub\Deuterium\GameEngine\Deuterium\Debug_LIB\vc110.pdb
C:\Users\Mathieu\Documents\GitHub\Deuterium\GameEngine\Deuterium\Debug_LIB\Deuterium.lib
