Build started 2014-05-16 5:00:22 PM.
     1>Project "C:\Users\Mathieu\Documents\GitHub\Deuterium\GameEngine\Deuterium\Deuterium.vcxproj" on node 2 (Build target(s)).
     1>ClCompile:
         C:\Program Files (x86)\Microsoft Visual Studio 11.0\VC\bin\CL.exe /c /ZI /nologo /W3 /WX- /Od /Oy- /D DEUTERIUM_PC /D _MBCS /D _MBCS /Gm /EHsc /RTC1 /MDd /GS /fp:precise /Zc:wchar_t /Zc:forScope /Fo"Debug_LIB\\" /Fd"Debug_LIB\vc110.pdb" /Gd /TP /analyze- /errorReport:prompt shader_manager.cpp
         shader_manager.cpp
       Lib:
         C:\Program Files (x86)\Microsoft Visual Studio 11.0\VC\bin\Lib.exe /OUT:"C:\Users\Mathieu\Documents\GitHub\Deuterium\GameEngine\Deuterium\Debug_LIB\Deuterium.lib" /LIBPATH:C:\Users\Mathieu\Documents\GitHub\Deuterium\GameEngine\Deuterium\3rdParty /NOLOGO Debug_LIB\LodePNG.obj
         Debug_LIB\camera.obj
         Debug_LIB\console.obj
         Debug_LIB\draw_request.obj
         Debug_LIB\event_listener.obj
         Debug_LIB\event_manager.obj
         Debug_LIB\file_stream.obj
         Debug_LIB\game_core.obj
         Debug_LIB\game_core_event.obj
         Debug_LIB\game_core_init.obj
         Debug_LIB\game_core_render.obj
         Debug_LIB\game_core_update.obj
         Debug_LIB\index_buffer_container.obj
         Debug_LIB\deuterium_math.obj
         Debug_LIB\memory_manager.obj
         Debug_LIB\mesh.obj
         Debug_LIB\mesh_manager.obj
         Debug_LIB\model_space_transform.obj
         Debug_LIB\node.obj
         Debug_LIB\primitive_type_helper.obj
         Debug_LIB\profiler.obj
         Debug_LIB\renderer.obj
         Debug_LIB\renderer_init.obj
         Debug_LIB\renderer_render.obj
         Debug_LIB\renderer_update.obj
         Debug_LIB\render_target.obj
         Debug_LIB\shader.obj
         Debug_LIB\shader_component.obj
         Debug_LIB\shader_effect.obj
         Debug_LIB\shader_manager.obj
         Debug_LIB\shader_parameter.obj
         Debug_LIB\shader_parameter_DA.obj
         Debug_LIB\string_helper.obj
         Debug_LIB\texture.obj
         Debug_LIB\vertex_buffer_container.obj
         Debug_LIB\viewport.obj
         Deuterium.vcxproj -> C:\Users\Mathieu\Documents\GitHub\Deuterium\GameEngine\Deuterium\Debug_LIB\Deuterium.lib
     1>Done Building Project "C:\Users\Mathieu\Documents\GitHub\Deuterium\GameEngine\Deuterium\Deuterium.vcxproj" (Build target(s)).

Build succeeded.

Time Elapsed 00:00:01.05
